<?xml version="1.0" encoding="UTF-8"?>
<testng-results ignored="0" total="5" passed="5" failed="0" skipped="0">
  <reporter-output>
  </reporter-output>
  <suite started-at="2024-06-21T10:00:42 IST" name="Suite" finished-at="2024-06-21T10:02:55 IST" duration-ms="133335">
    <groups>
    </groups>
    <test started-at="2024-06-21T10:00:42 IST" name="Test1" finished-at="2024-06-21T10:02:55 IST" duration-ms="133335">
      <class name="testCases.TC005_CruiseDetails">
        <test-method signature="setCruiseDetails()[pri:0, instance:testCases.TC005_CruiseDetails@2416a51]" started-at="2024-06-21T10:02:51 IST" name="setCruiseDetails" finished-at="2024-06-21T10:02:55 IST" duration-ms="4169" status="PASS">
          <reporter-output>
          </reporter-output>
        </test-method> <!-- setCruiseDetails -->
      </class> <!-- testCases.TC005_CruiseDetails -->
      <class name="testCases.TC002_SearchResults">
        <test-method signature="searchResults()[pri:0, instance:testCases.TC002_SearchResults@5217f3d0]" started-at="2024-06-21T10:01:02 IST" name="searchResults" finished-at="2024-06-21T10:01:30 IST" duration-ms="28456" status="PASS">
          <reporter-output>
          </reporter-output>
        </test-method> <!-- searchResults -->
      </class> <!-- testCases.TC002_SearchResults -->
      <class name="testCases.TC003_CruiseHome">
        <test-method signature="testForCruise()[pri:2, instance:testCases.TC003_CruiseHome@37ebc9d8]" started-at="2024-06-21T10:01:30 IST" name="testForCruise" finished-at="2024-06-21T10:02:44 IST" duration-ms="73896" status="PASS">
          <reporter-output>
          </reporter-output>
        </test-method> <!-- testForCruise -->
      </class> <!-- testCases.TC003_CruiseHome -->
      <class name="testCases.TC004_CruiseResults">
        <test-method signature="getCruiseResults()[pri:0, instance:testCases.TC004_CruiseResults@293bb8a5]" started-at="2024-06-21T10:02:44 IST" name="getCruiseResults" finished-at="2024-06-21T10:02:51 IST" duration-ms="6529" status="PASS">
          <reporter-output>
          </reporter-output>
        </test-method> <!-- getCruiseResults -->
      </class> <!-- testCases.TC004_CruiseResults -->
      <class name="testCases.TC001_HolidayHome">
        <test-method is-config="true" signature="setup(java.lang.String)[pri:0, instance:testCases.TC001_HolidayHome@549621f3]" started-at="2024-06-21T10:00:42 IST" name="setup" finished-at="2024-06-21T10:00:48 IST" duration-ms="6448" status="PASS">
          <params>
            <param index="0">
              <value>
                <![CDATA[chrome]]>
              </value>
            </param>
          </params>
          <reporter-output>
          </reporter-output>
        </test-method> <!-- setup -->
        <test-method signature="testForHolidayHomes()[pri:1, instance:testCases.TC001_HolidayHome@549621f3]" started-at="2024-06-21T10:00:48 IST" name="testForHolidayHomes" finished-at="2024-06-21T10:01:02 IST" duration-ms="13386" status="PASS">
          <reporter-output>
          </reporter-output>
        </test-method> <!-- testForHolidayHomes -->
        <test-method is-config="true" signature="tearDown()[pri:0, instance:testCases.TC001_HolidayHome@549621f3]" started-at="2024-06-21T10:02:56 IST" name="tearDown" finished-at="2024-06-21T10:03:02 IST" duration-ms="5977" status="PASS">
          <reporter-output>
          </reporter-output>
        </test-method> <!-- tearDown -->
      </class> <!-- testCases.TC001_HolidayHome -->
    </test> <!-- Test1 -->
  </suite> <!-- Suite -->
</testng-results>
